  Generating C:/Users/jfeze/source/repos/pace-main/pace-main/rmax/root_ref.h, C:/Users/jfeze/source/repos/pace-main/pace-main/rmax/root_def.c, C:/Users/jfeze/source/repos/pace-main/pace-main/rmax/root_db.c
  dbp paths = C:/Users/jfeze/source/repos/pace-main/pace-main
  dbp paths = C:/Users/jfeze/source/repos/pace-main/pace-main/central/x86-win32-vs2010/include
  dbp: new Dir type = stresstest_ref
  dbp: new Dir instance stresstest
  dbp: new Dir type = idle_ref
  dbp: new Dir instance idle
  dbp: new Dir type = rootutil_ref
  dbp: new Dir instance rootutil
  dbp: new Dir type = root_ref
  dbp: new Dir instance root
  Generating C:/Users/jfeze/source/repos/pace-main/pace-main/rmax/joyinputs_ref.h, C:/Users/jfeze/source/repos/pace-main/pace-main/rmax/joyinputs_def.c, C:/Users/jfeze/source/repos/pace-main/pace-main/rmax/joyinputs_db.c
  dbp paths = C:/Users/jfeze/source/repos/pace-main/pace-main
  dbp paths = C:/Users/jfeze/source/repos/pace-main/pace-main/central/x86-win32-vs2010/include
  dbp: new Dir type = digitalFunction_ref
  dbp: new Dir instance manOverrideDgcs0
  dbp: new Dir instance armDgcs0
  dbp: new Dir instance gndDgcs0
  dbp: new Dir instance gndLandDgcs0
  dbp: new Dir instance airDgcs0
  dbp: new Dir instance airTODgcs0
  dbp: new Dir instance sfOffDgcs0
  dbp: new Dir instance sfOnDgcs0
  dbp: new Dir instance shutdownDgcs0
  dbp: new Dir instance suppressStickDgcs0
  dbp: new Dir instance dashDgcs0
  dbp: new Dir instance gpsDeniedDgcs0
  dbp: new Dir instance restoreGpsDgcs0
  dbp: new Dir instance restorePosDgcs0
  dbp: new Dir instance suppressSonarDgcs0
  dbp: new Dir instance zoomInDgcs0
  dbp: new Dir instance zoomOutDgcs0
  dbp: new Dir instance runPlanDgcs0
  dbp: new Dir instance tglPlanDgcs0
  dbp: new Dir instance tglVideoDgcs0
  dbp: new Dir instance joySiManDgcs0
  dbp: new Dir instance rtbDgcs0
  dbp: new Dir instance stopPlanDgcs0
  dbp: new Dir instance sysSfDgcs0
  dbp: new Dir instance camStopDgcs0
  dbp: new Dir instance camPauseDgcs0
  dbp: new Dir instance camPlayDgcs0
  dbp: new Dir instance camRewindDgcs0
  dbp: new Dir instance camFFDgcs0
  dbp: new Dir instance camRecordDgcs0
  dbp: new Dir instance camPowerOnDgcs0
  dbp: new Dir instance tglCamFocusManAutoDgcs0
  dbp: new Dir instance camManFocusFartherDgcs0
  dbp: new Dir instance camManFocusCloserDgcs0
  dbp: new Dir instance camModeJSDgcs0
  dbp: new Dir instance camModeStowDgcs0
  dbp: new Dir instance camModeGeoDgcs0
  dbp: new Dir instance camModeVideoDgcs0
  dbp: new Dir instance videoOverlayDgcs0
  dbp: new Dir instance camModeToggleDgcs0
  dbp: new Dir instance yellowButtonDgcs0
  dbp: new Dir instance whiteButtonDgcs0
  dbp: new Dir instance blueButtonDgcs0
  dbp: new Dir instance greenButtonDgcs0
  dbp: new Dir instance bigRedButtonDgcs0
  dbp: new Dir type = analogFunction_ref
  dbp: new Dir instance rollAgcs0
  dbp: new Dir instance pitchAgcs0
  dbp: new Dir instance rudderAgcs0
  dbp: new Dir instance throttleAgcs0
  dbp: new Dir instance panAgcs0
  dbp: new Dir instance tiltAgcs0
  dbp: new Dir instance zoomAgcs0
  dbp: new Dir type = controlInput_ref
  dbp: new Dir instance gcs0Ci
  Generating C:/Users/jfeze/source/repos/pace-main/pace-main/rmax/gcs_ref.h, C:/Users/jfeze/source/repos/pace-main/pace-main/rmax/gcs_def.c, C:/Users/jfeze/source/repos/pace-main/pace-main/rmax/gcs_db.c
  dbp paths = C:/Users/jfeze/source/repos/pace-main/pace-main
  dbp paths = C:/Users/jfeze/source/repos/pace-main/pace-main/central/x86-win32-vs2010/include
  dbp: new Dir type = yjgcsSet_ref
  dbp: new Dir instance yjgcsSet
  dbp: new Dir type = gcsSet_ref
  dbp: new Dir instance gcs0Set
  dbp: loading dbh file serial.dbh
  dbp: found dbh file at serial.dbh
  dbp: new Dir type = serialMsgHeader_ref
  dbp: new Dir type = serialPort_ref
  dbp: new Dir instance of existing serialPort_ref
  dbp: new Dir instance gcs0PortDatalink1
  dbp: new Dir instance of existing serialPort_ref
  dbp: new Dir instance gcs0PortDatalink2
  dbp: loading dbh file datalink.dbh
  dbp: found dbh file at datalink.dbh
  dbp: new Dir type = datalinkHeader_ref
  dbp: new Dir type = datalinkMessage0_ref
  dbp: new Dir type = datalinkMessage1_ref
  dbp: new Dir type = datalinkMessageGetdir_ref
  dbp: new Dir type = datalinkMessageSenddir_ref
  dbp: new Dir type = datalinkMessageTrajectory_ref
  dbp: new Dir type = datalinkMessageUp0_ref
  dbp: new Dir type = datalinkMessagePWM_ref
  dbp: new Dir type = datalinkMessageRmtCmd_ref
  dbp: new Dir type = datalinkMessageRmtCnsl_ref
  dbp: new Dir type = datalinkMessageTrajPreview_ref
  dbp: new Dir type = datalinkMessageAutopilotDels_ref
  dbp: new Dir type = datalinkMessageTruth_ref
  dbp: new Dir instance of existing datalinkHeader_ref
  dbp: new Dir instance gcs0DatalinkHeader
  dbp: new Dir instance gcsDatalinkMessageHeartbeat
  dbp: new Dir instance of existing datalinkMessage0_ref
  dbp: new Dir instance gcs0DatalinkMessage0
  dbp: new Dir instance of existing datalinkMessage1_ref
  dbp: new Dir instance gcs0DatalinkMessage1
  dbp: new Dir instance of existing datalinkMessageRmtCmd_ref
  dbp: new Dir instance gcsDatalinkMessageRmtCmd
  dbp: new Dir instance of existing datalinkMessageRmtCnsl_ref
  dbp: new Dir instance gcsDatalinkMessageRmtCnsl
  dbp: new Dir instance of existing datalinkMessageGetdir_ref
  dbp: new Dir instance gcsDatalinkMessageGetdir
  dbp: new Dir instance of existing datalinkMessageSenddir_ref
  dbp: new Dir instance gcsDatalinkMessageSenddir
  dbp: new Dir instance of existing datalinkMessageTrajectory_ref
  dbp: new Dir instance gcsDatalinkMessageTrajectory
  dbp: new Dir instance of existing datalinkMessageUp0_ref
  dbp: new Dir instance gcs0DatalinkMessageUp0
  dbp: new Dir instance of existing datalinkMessageTrajPreview_ref
  dbp: new Dir instance gcsDatalinkMessageTrajPreview
  dbp: new Dir instance of existing datalinkMessageAutopilotDels_ref
  dbp: new Dir instance gcs0DatalinkMessageAutopilotDels
  dbp: new Dir type = gcsDatalink_ref
  dbp: new Dir instance gcs0Datalink
  dbp: new Dir instance of existing serialPort_ref
  dbp: new Dir instance gcsPortGPSRef
  dbp: new Dir instance of existing serialPort_ref
  dbp: new Dir instance gcsPortGPSRefRTCM
  dbp: loading dbh file gps.dbh
  dbp: found dbh file at gps.dbh
  dbp: new Dir type = gps_header_ref
  dbp: new Dir type = gps_novatelxHeader_ref
  dbp: new Dir type = gps_novatelxMsg_ref
  dbp: new Dir type = gps_cmdResponse_ref
  dbp: new Dir type = gps_log_ref
  dbp: new Dir type = gps_unlogall_ref
  dbp: new Dir type = gps_unlockSystem_ref
  dbp: new Dir type = gps_clkadjst_ref
  dbp: new Dir type = gps_rtkdyn_ref
  dbp: new Dir type = gps_rtkPortMode_ref
  dbp: new Dir type = gps_interfaceMode_ref
  dbp: new Dir type = gps_fix_ref
  dbp: new Dir type = gps_movingbasestation_ref
  dbp: new Dir type = gps_bestposb_ref
  dbp: new Dir type = gps_bestvelb_ref
  dbp: new Dir type = gps_headingb_ref
  dbp: new Dir type = gps_heading2b_ref
  dbp: new Dir type = gps_psrXYZ_ref
  dbp: new Dir type = gps_bslnxyzb_ref
  dbp: new Dir type = gps_alignbslnenub_ref
  dbp: new Dir type = gps_gpsephem_ref
  dbp: new Dir type = gps_ionutc_ref
  dbp: new Dir type = gps_satMeasurement_ref
  dbp: new Dir type = gps_range_ref
  dbp: new Dir type = gps_time_ref
  dbp: new Dir type = gps_psrTime_ref
  dbp: new Dir type = gps_satVisEntry_ref
  dbp: new Dir type = gps_satVis_ref
  dbp: new Dir type = gps_satPosition_ref
  dbp: new Dir type = gps_satxyz_ref
  dbp: new Dir type = gps_trackEntry_ref
  dbp: new Dir type = gps_trackstat_ref
  dbp: new Dir type = gpsRtcm_ref
  dbp: new Dir type = gps_rtcaMsg_ref
  dbp: new Dir type = gpsUblox_posllh_ref
  dbp: new Dir type = gpsUblox_navpvt_ref
  dbp: new Dir type = gpsUblox_velned_ref
  dbp: new Dir type = gpsUblox_status_ref
  dbp: new Dir type = gpsUblox_navsol_ref
  dbp: new Dir type = gpsUblox_rxm_rtcm_ref
  dbp: new Dir type = gpsErbVer_ref
  dbp: new Dir type = gpsErbPos_ref
  dbp: new Dir type = gpsErbStat_ref
  dbp: new Dir type = gpsErbDops_ref
  dbp: new Dir type = gpsErbVel_ref
  dbp: new Dir type = gpsErbSviPayload_ref
  dbp: new Dir type = gpsErbSviChannel_ref
  dbp: new Dir type = gpsNmea_gga_ref
  dbp: new Dir type = gpsNmea_vtg_ref
  dbp: new Dir type = gpsNmea_rmc_ref
  dbp: new Dir type = gpsNmea_gpq_ref
  dbp: new Dir type = gpsNmea_gsa_ref
  dbp: new Dir type = gpsNmea_svData_ref
  dbp: new Dir type = gpsNmea_gsvpayload_ref
  dbp: new Dir type = gpsNmea_pmtkack_ref
  dbp: new Dir type = gpsNmea_ubxSvStatusPayload_ref
  dbp: new Dir type = gpsNmea_ubxPosVel_ref
  dbp: new Dir type = gpsNmea_ubxRate_ref
  dbp: new Dir type = gpsNmea_ubxConfig_ref
  dbp: new Dir instance of existing gps_header_ref
  dbp: new Dir instance gpsRef_header
  dbp: new Dir instance of existing gps_bestposb_ref
  dbp: new Dir instance gpsRef_bestposb
  dbp: new Dir instance gpsRef_masterposb
  dbp: new Dir instance gpsRef_roverposb
  dbp: new Dir instance gpsRef_psrposb
  dbp: new Dir instance of existing gps_bestvelb_ref
  dbp: new Dir instance gpsRef_bestvelb
  dbp: new Dir instance gpsRef_psrvelb
  dbp: new Dir instance of existing gps_headingb_ref
  dbp: new Dir instance gpsRef_headingb
  dbp: new Dir instance of existing gps_heading2b_ref
  dbp: new Dir instance gpsRef_heading2b
  dbp: new Dir instance of existing gps_bslnxyzb_ref
  dbp: new Dir instance gpsRef_bslnxyzb
  dbp: new Dir instance of existing gps_alignbslnenub_ref
  dbp: new Dir instance gpsRef_alignbslnenub
  dbp: new Dir instance of existing gps_rtcaMsg_ref
  dbp: new Dir instance gpsRef_rtcaMsg
  dbp: new Dir instance of existing gps_unlogall_ref
  dbp: new Dir instance gpsRef_unlogall
  dbp: new Dir instance of existing gps_interfaceMode_ref
  dbp: new Dir instance gpsRef_intrfaceMd
  dbp: new Dir instance of existing gps_fix_ref
  dbp: new Dir instance gpsRef_fix
  dbp: new Dir instance of existing gps_movingbasestation_ref
  dbp: new Dir instance gps_movingbasestation
  dbp: new Dir instance of existing gps_log_ref
  dbp: new Dir instance gpsRef_log
  dbp: new Dir instance of existing gps_cmdResponse_ref
  dbp: new Dir instance gpsRef_response
  dbp: new Dir instance of existing gps_novatelxHeader_ref
  dbp: new Dir instance gpsRef_novatelxHeader
  dbp: new Dir instance of existing gps_novatelxMsg_ref
  dbp: new Dir instance gps_novatelxMsg
  dbp: new Dir type = gpsRef_ref
  dbp: new Dir instance gpsRef
  dbp: new Dir type = panelBox_ref
  dbp: new Dir instance gcs0PanelBox[48]
  dbp: new Dir type = panel_ref
  dbp: new Dir instance gcs0Panel
  dbp: new Dir type = limitCheck_ref
  dbp: new Dir instance gcs0LimitCheck
  dbp: loading dbh file flightplan.dbh
  dbp: found dbh file at flightplan.dbh
  dbp: new Dir type = trajectory_ref
  dbp: new Dir type = trajectoryInputs_ref
  dbp: new Dir type = joyControl_ref
  dbp: new Dir type = maneuver_ref
  dbp: new Dir type = flightPlan_ref
  dbp: new Dir instance of existing trajectory_ref
  dbp: new Dir instance gcs0Trajectory
  dbp: new Dir instance gcs0LookaheadTrajectory
  dbp: new Dir instance of existing trajectoryInputs_ref
  dbp: new Dir instance gcs0TrajectoryInputs
  dbp: new Dir instance of existing joyControl_ref
  dbp: new Dir instance gcs0JoyControl
  dbp: new Dir instance of existing flightPlan_ref
  dbp: new Dir instance gcsFlightPlan
  dbp: new Dir instance of existing flightPlan_ref
  dbp: new Dir instance gcs0FlightPlanDL
  dbp: new Dir instance of existing flightPlan_ref
  dbp: new Dir instance gcs0FlightPlanA
  dbp: new Dir instance of existing flightPlan_ref
  dbp: new Dir instance gcs0FlightPlanB
  dbp: new Dir instance of existing flightPlan_ref
  dbp: new Dir instance gcs0FlightPlanLC
  dbp: new Dir instance of existing flightPlan_ref
  dbp: new Dir instance gcs0FlightPlanLCDL
  dbp: new Dir instance of existing maneuver_ref
  dbp: new Dir instance maneuver[100]
  dbp: new Dir instance maneuver0DL[100]
  dbp: new Dir instance maneuver0A[100]
  dbp: new Dir instance maneuver0B[100]
  dbp: new Dir instance maneuver0LC[100]
  dbp: new Dir instance maneuver0LCDL[100]
  dbp: new Dir instance maneuver1DL[100]
  dbp: new Dir instance maneuver1A[100]
  dbp: new Dir instance maneuver1B[100]
  dbp: new Dir instance maneuver1LC[100]
  dbp: new Dir instance maneuver1LCDL[100]
  dbp: new Dir instance maneuver2DL[100]
  dbp: new Dir instance maneuver2A[100]
  dbp: new Dir instance maneuver2B[100]
  dbp: new Dir instance maneuver2LC[100]
  dbp: new Dir instance maneuver2LCDL[100]
  dbp: new Dir instance maneuver3DL[100]
  dbp: new Dir instance maneuver3A[100]
  dbp: new Dir instance maneuver3B[100]
  dbp: new Dir instance maneuver3LC[100]
  dbp: new Dir instance maneuver3LCDL[100]
  dbp: new Dir type = gcsTrajMove_ref
  dbp: new Dir instance gcs0TrajMove
  dbp: new Dir type = gcsdcas_ref
  dbp: new Dir instance gcs0dcas
  dbp: new Dir type = gcsUploadFlag_ref
  dbp: new Dir instance gcsTrajectoryMain
  dbp: new Dir type = gcsTrajectoryMain_ref
  dbp: new Dir instance gcs0TrajMain
  dbp: new Dir type = gcsTimer_ref
  dbp: new Dir instance gcs0Timer
  dbp: new Dir type = pfOpInterface_ref
  dbp: new Dir instance pfOpInterface
  dbp: new Dir type = gcsInstance_ref
  dbp: new Dir instance gcs0Instance
  dbp: new Dir type = gcs_ref
  dbp: new Dir instance gcs
  Generating C:/Users/jfeze/source/repos/pace-main/pace-main/rmax/scene_ref.h, C:/Users/jfeze/source/repos/pace-main/pace-main/rmax/scene_def.c, C:/Users/jfeze/source/repos/pace-main/pace-main/rmax/scene_db.c
  dbp paths = C:/Users/jfeze/source/repos/pace-main/pace-main
  dbp paths = C:/Users/jfeze/source/repos/pace-main/pace-main/central/x86-win32-vs2010/include
  dbp: loading dbh file flightplan.dbh
  dbp: found dbh file at flightplan.dbh
  dbp: new Dir type = trajectory_ref
  dbp: new Dir type = trajectoryInputs_ref
  dbp: new Dir type = joyControl_ref
  dbp: new Dir type = maneuver_ref
  dbp: new Dir type = flightPlan_ref
  dbp: new Dir type = view_ref
  dbp: new Dir instance gcs0view_cockpit
  dbp: new Dir instance gcs1view_cockpit
  dbp: new Dir instance gcs2view_cockpit
  dbp: new Dir instance gcs3view_cockpit
  dbp: new Dir instance of existing view_ref
  dbp: new Dir instance gcs0view_nav
  dbp: new Dir instance of existing view_ref
  dbp: new Dir instance gcs1view_nav
  dbp: new Dir instance of existing view_ref
  dbp: new Dir instance gcs2view_nav
  dbp: new Dir instance of existing view_ref
  dbp: new Dir instance gcs3view_nav
  dbp: new Dir instance of existing view_ref
  dbp: new Dir instance gcs0view_chase
  dbp: new Dir instance of existing view_ref
  dbp: new Dir instance gcs1view_chase
  dbp: new Dir instance of existing view_ref
  dbp: new Dir instance gcs2view_chase
  dbp: new Dir instance of existing view_ref
  dbp: new Dir instance gcs3view_chase
  dbp: new Dir instance of existing view_ref
  dbp: new Dir instance gcs0view_ground
  dbp: new Dir instance of existing view_ref
  dbp: new Dir instance gcs1view_ground
  dbp: new Dir instance of existing view_ref
  dbp: new Dir instance gcs2view_ground
  dbp: new Dir instance of existing view_ref
  dbp: new Dir instance gcs3view_ground
  dbp: new Dir instance of existing view_ref
  dbp: new Dir instance gcs0view_hover
  dbp: new Dir instance of existing view_ref
  dbp: new Dir instance gcs1view_hover
  dbp: new Dir instance of existing view_ref
  dbp: new Dir instance gcs2view_hover
  dbp: new Dir instance of existing view_ref
  dbp: new Dir instance gcs3view_hover
  dbp: new Dir instance of existing view_ref
  dbp: new Dir instance gcs0view_camera
  dbp: new Dir instance of existing view_ref
  dbp: new Dir instance gcs0view_camera2
  dbp: new Dir instance of existing view_ref
  dbp: new Dir instance gcs0view_camera3
  dbp: new Dir instance of existing view_ref
  dbp: new Dir instance gcs0view_camera4
  dbp: new Dir instance of existing view_ref
  dbp: new Dir instance gcs1view_camera
  dbp: new Dir instance of existing view_ref
  dbp: new Dir instance gcs1view_camera2
  dbp: new Dir instance of existing view_ref
  dbp: new Dir instance gcs1view_camera3
  dbp: new Dir instance of existing view_ref
  dbp: new Dir instance gcs1view_camera4
  dbp: new Dir instance of existing view_ref
  dbp: new Dir instance gcs2view_camera
  dbp: new Dir instance of existing view_ref
  dbp: new Dir instance gcs2view_camera2
  dbp: new Dir instance of existing view_ref
  dbp: new Dir instance gcs2view_camera3
  dbp: new Dir instance of existing view_ref
  dbp: new Dir instance gcs2view_camera4
  dbp: new Dir instance of existing view_ref
  dbp: new Dir instance gcs3view_camera
  dbp: new Dir instance of existing view_ref
  dbp: new Dir instance gcs3view_camera2
  dbp: new Dir instance of existing view_ref
  dbp: new Dir instance gcs3view_camera3
  dbp: new Dir instance of existing view_ref
  dbp: new Dir instance gcs3view_camera4
  dbp: new Dir type = imViewer_ref
  dbp: new Dir instance imViewer
  dbp: new Dir type = scThreats_ref
  dbp: new Dir instance scThreats
  dbp: new Dir type = sceneOverlay_ref
  dbp: new Dir instance sceneOverlay0
  dbp: new Dir instance of existing sceneOverlay_ref
  dbp: new Dir instance sceneOverlay1
  dbp: new Dir instance of existing sceneOverlay_ref
  dbp: new Dir instance sceneOverlay2
  dbp: new Dir instance of existing sceneOverlay_ref
  dbp: new Dir instance sceneOverlay3
  dbp: new Dir instance of existing sceneOverlay_ref
  dbp: new Dir instance sceneOverlay4
  dbp: new Dir instance of existing sceneOverlay_ref
  dbp: new Dir instance sceneOverlay5
  dbp: new Dir instance of existing sceneOverlay_ref
  dbp: new Dir instance sceneOverlay6
  dbp: new Dir instance of existing sceneOverlay_ref
  dbp: new Dir instance sceneOverlay7
  dbp: new Dir instance of existing sceneOverlay_ref
  dbp: new Dir instance sceneOverlay8
  dbp: new Dir instance of existing sceneOverlay_ref
  dbp: new Dir instance sceneOverlay9
  dbp: new Dir type = internetOverlay_ref
  dbp: new Dir instance internetOverlay
  dbp: new Dir type = sceneControlFunctionKeys_ref
  dbp: new Dir instance sceneControlFunctionKeys
  dbp: new Dir type = sceneChecklistItem_ref
  dbp: new Dir instance sceneChecklistItem[50]
  dbp: new Dir type = sceneChecklist_ref
  dbp: new Dir instance sceneChecklist
  dbp: new Dir type = sceneCustomMenuItem_ref
  dbp: new Dir instance sceneCustomMenuItem[10]
  dbp: new Dir type = sceneCustomMenu_ref
  dbp: new Dir instance sceneCustomMenu
  dbp: new Dir type = sphereObstacle_ref
  dbp: new Dir instance sphereObstacle[8]
  dbp: new Dir type = sceneOverlays_ref
  dbp: new Dir instance sceneOverlays
  dbp: new Dir type = sceneAnnotation_ref
  dbp: new Dir instance sceneAnnotation[500]
  dbp: new Dir type = sceneAnnotations_ref
  dbp: new Dir instance sceneAnnotations
  dbp: new Dir type = sceneGlobal_ref
  dbp: new Dir instance sceneGlobal
  dbp: new Dir type = scanPoints_ref
  dbp: new Dir instance keyScan
  dbp: new Dir instance currentScan
  dbp: new Dir instance matchScan
  dbp: new Dir type = gtarDesk_ref
  dbp: new Dir instance gtarDesk
  dbp: new Dir type = gtarswitchpost_ref
  dbp: new Dir instance gtarswitchpost
  dbp: new Dir type = gtarRover_ref
  dbp: new Dir instance gtarRover
  dbp: new Dir instance gtarAHS2
  dbp: new Dir instance gtarAHS3
  dbp: new Dir instance gtarAHS4
  dbp: new Dir type = sceneRoombaTargets_ref
  dbp: new Dir instance sceneRoombaTargets
  dbp: new Dir type = sceneMbzirc_ref
  dbp: new Dir instance sceneMbzirc
  dbp: new Dir type = sceneGtarPylns_ref
  dbp: new Dir instance sceneGtarPylns
  dbp: new Dir type = randPolygons_ref
  dbp: new Dir instance randPolygons
  dbp: new Dir type = pictureObstacle_ref
  dbp: new Dir instance pictureObstacle
  dbp: new Dir type = bannerObstacle_ref
  dbp: new Dir instance bannerObstacle
  dbp: new Dir type = gtarAHS_ref
  dbp: new Dir instance gtarAHS
  dbp: new Dir type = scene_ref
  dbp: new Dir instance scene0
  dbp: new Dir instance of existing scene_ref
  dbp: new Dir instance scene1
  dbp: new Dir instance of existing scene_ref
  dbp: new Dir instance scene2
  dbp: new Dir instance of existing scene_ref
  dbp: new Dir instance scenePIP
  dbp: new Dir type = gcsScene_ref
  dbp: new Dir instance gcs0Scene0
  dbp: new Dir instance of existing gcsScene_ref
  dbp: new Dir instance gcs0Scene1
  dbp: new Dir instance of existing gcsScene_ref
  dbp: new Dir instance gcs1Scene1
  dbp: new Dir instance of existing gcsScene_ref
  dbp: new Dir instance gcs2Scene1
  dbp: new Dir instance of existing gcsScene_ref
  dbp: new Dir instance gcs3Scene1
  dbp: new Dir instance of existing gcsScene_ref
  dbp: new Dir instance gcs0Scene2
  dbp: new Dir instance of existing gcsScene_ref
  dbp: new Dir instance gcs1Scene2
  dbp: new Dir instance of existing gcsScene_ref
  dbp: new Dir instance gcs2Scene2
  dbp: new Dir instance of existing gcsScene_ref
  dbp: new Dir instance gcs3Scene2
  dbp: new Dir instance of existing gcsScene_ref
  dbp: new Dir instance gcs0ScenePIP
  dbp: new Dir instance of existing gcsScene_ref
  dbp: new Dir instance gcs1ScenePIP
  dbp: new Dir instance of existing gcsScene_ref
  dbp: new Dir instance gcs2ScenePIP
  dbp: new Dir instance of existing gcsScene_ref
  dbp: new Dir instance gcs3ScenePIP
  dbp: new Dir type = scbmpinfoheader_ref
  dbp: new Dir instance scbmpinfoheader
  dbp: new Dir type = sceneCapture_ref
  dbp: new Dir instance sceneCapture
  dbp: new Dir type = winInfo_ref
  dbp: new Dir instance winInfo
  dbp: new Dir type = scenes_ref
  dbp: new Dir instance scenes
  Generating C:/Users/jfeze/source/repos/pace-main/pace-main/rmax/generic_ref.h, C:/Users/jfeze/source/repos/pace-main/pace-main/rmax/generic_def.c, C:/Users/jfeze/source/repos/pace-main/pace-main/rmax/generic_db.c
  dbp paths = C:/Users/jfeze/source/repos/pace-main/pace-main
  dbp paths = C:/Users/jfeze/source/repos/pace-main/pace-main/central/x86-win32-vs2010/include
  dbp: new Dir type = genericModel_ref
  dbp: new Dir instance genericModel
  dbp: new Dir type = skytoteModel_ref
  dbp: new Dir instance skytoteModel
  dbp: new Dir type = edgeModel_ref
  dbp: new Dir instance edgeModel
  dbp: new Dir type = twinstarModel_ref
  dbp: new Dir instance twinstarModel
  dbp: new Dir type = freewingModel_ref
  dbp: new Dir instance freewingModel
  dbp: new Dir type = quadrotorModel_ref
  dbp: new Dir instance quadrotorModel
  dbp: new Dir type = multirotorModel_ref
  dbp: new Dir instance multirotorModel
  dbp: new Dir type = wamvModel_ref
  dbp: new Dir instance wamvModel
  dbp: new Dir type = vanModel_ref
  dbp: new Dir instance vanModel
  dbp: new Dir type = sceneHelicycleModel_ref
  dbp: new Dir instance sceneHelicycleModel
  Generating C:/Users/jfeze/source/repos/pace-main/pace-main/rmax/onboard_ref.h, C:/Users/jfeze/source/repos/pace-main/pace-main/rmax/onboard_def.c, C:/Users/jfeze/source/repos/pace-main/pace-main/rmax/onboard_db.c
  dbp paths = C:/Users/jfeze/source/repos/pace-main/pace-main
  dbp paths = C:/Users/jfeze/source/repos/pace-main/pace-main/central/x86-win32-vs2010/include
  dbp: new Dir type = onboardSet_ref
  dbp: new Dir instance onboardSet
  dbp: loading dbh file serial.dbh
  dbp: found dbh file at serial.dbh
  dbp: new Dir type = serialMsgHeader_ref
  dbp: new Dir type = serialPort_ref
  dbp: new Dir instance of existing serialPort_ref
  dbp: new Dir instance onboardPortDatalink1
  dbp: new Dir instance of existing serialPort_ref
  dbp: new Dir instance onboardPortDatalink2
  dbp: loading dbh file datalink.dbh
  dbp: found dbh file at datalink.dbh
  dbp: new Dir type = datalinkHeader_ref
  dbp: new Dir type = datalinkMessage0_ref
  dbp: new Dir type = datalinkMessage1_ref
  dbp: new Dir type = datalinkMessageGetdir_ref
  dbp: new Dir type = datalinkMessageSenddir_ref
  dbp: new Dir type = datalinkMessageTrajectory_ref
  dbp: new Dir type = datalinkMessageUp0_ref
  dbp: new Dir type = datalinkMessagePWM_ref
  dbp: new Dir type = datalinkMessageRmtCmd_ref
  dbp: new Dir type = datalinkMessageRmtCnsl_ref
  dbp: new Dir type = datalinkMessageTrajPreview_ref
  dbp: new Dir type = datalinkMessageAutopilotDels_ref
  dbp: new Dir type = datalinkMessageTruth_ref
  dbp: new Dir instance of existing datalinkHeader_ref
  dbp: new Dir instance obDatalinkHeader
  dbp: new Dir instance obDatalinkMessageHeartbeat
  dbp: new Dir instance of existing datalinkMessage0_ref
  dbp: new Dir instance obDatalinkMessage0
  dbp: new Dir instance of existing datalinkMessage1_ref
  dbp: new Dir instance obDatalinkMessage1
  dbp: new Dir instance of existing datalinkMessageRmtCmd_ref
  dbp: new Dir instance obDatalinkMessageRmtCmd
  dbp: new Dir instance of existing datalinkMessageRmtCnsl_ref
  dbp: new Dir instance obDatalinkMessageRmtCnsl
  dbp: new Dir instance of existing datalinkMessageGetdir_ref
  dbp: new Dir instance obDatalinkMessageGetdir
  dbp: new Dir instance of existing datalinkMessageSenddir_ref
  dbp: new Dir instance obDatalinkMessageSenddir
  dbp: new Dir instance of existing datalinkMessageUp0_ref
  dbp: new Dir instance obDatalinkMessageUp0
  dbp: new Dir instance of existing datalinkMessagePWM_ref
  dbp: new Dir instance obDatalinkMessagePWMToUs
  dbp: new Dir instance obDatalinkMessagePWMFromUs
  dbp: new Dir instance of existing datalinkMessageAutopilotDels_ref
  dbp: new Dir instance obDatalinkMessageAutopilotDels
  dbp: new Dir type = obDatalinkSet_ref
  dbp: new Dir instance obDatalinkSet
  dbp: new Dir type = obDatalinkWork_ref
  dbp: new Dir instance obDatalinkWork
  dbp: new Dir type = obDatalink_ref
  dbp: new Dir instance obDatalink
  dbp: loading dbh file rmax.dbh
  dbp: found dbh file at rmax.dbh
  dbp: new Dir type = rmaxCommandMessage_ref
  dbp: new Dir type = rmaxServoMapping_ref
  dbp: new Dir type = rmaxYCSraw_ref
  dbp: new Dir type = pwmServoMapping_ref
  dbp: new Dir type = pwmServoMixing_ref
  dbp: new Dir type = pwmMTRServoMixing_ref
  dbp: new Dir type = pwmMultirotor_ref
  dbp: new Dir type = pwmAlia_ref
  dbp: new Dir instance of existing pwmServoMapping_ref
  dbp: new Dir instance pwmServoMapping
  dbp: new Dir instance of existing pwmMultirotor_ref
  dbp: new Dir instance pwmMultirotor
  dbp: new Dir type = actuatorIntModel_ref
  dbp: new Dir instance actuatorIntModel_delm0
  dbp: new Dir instance of existing actuatorIntModel_ref
  dbp: new Dir instance actuatorIntModel_delm1
  dbp: new Dir instance of existing actuatorIntModel_ref
  dbp: new Dir instance actuatorIntModel_delm2
  dbp: new Dir instance of existing actuatorIntModel_ref
  dbp: new Dir instance actuatorIntModel_delf0
  dbp: new Dir type = actuatorIntWork_ref
  dbp: new Dir instance actuatorIntWork
  dbp: new Dir type = actuatorInt_ref
  dbp: new Dir instance actuatorInt
  dbp: new Dir type = onboard_ref
  dbp: new Dir instance onboard
  Generating C:/Users/jfeze/source/repos/pace-main/pace-main/rmax/sensors_ref.h, C:/Users/jfeze/source/repos/pace-main/pace-main/rmax/sensors_def.c, C:/Users/jfeze/source/repos/pace-main/pace-main/rmax/sensors_db.c
  dbp paths = C:/Users/jfeze/source/repos/pace-main/pace-main
  dbp paths = C:/Users/jfeze/source/repos/pace-main/pace-main/central/x86-win32-vs2010/include
  dbp: loading dbh file serial.dbh
  dbp: found dbh file at serial.dbh
  dbp: new Dir type = serialMsgHeader_ref
  dbp: new Dir type = serialPort_ref
  dbp: new Dir instance of existing serialPort_ref
  dbp: new Dir instance onboardPortIMU
  dbp: new Dir instance of existing serialPort_ref
  dbp: new Dir instance onboardPortGPS1
  dbp: new Dir instance of existing serialPort_ref
  dbp: new Dir instance onboardPortMagnet
  dbp: new Dir instance of existing serialPort_ref
  dbp: new Dir instance onboardPortSonar0
  dbp: new Dir instance of existing serialPort_ref
  dbp: new Dir instance onboardPortPWM
  dbp: new Dir instance of existing serialPort_ref
  dbp: new Dir instance onboardPortPozyx
  dbp: new Dir type = imuRaw_ref
  dbp: new Dir instance imuRaw
  dbp: new Dir type = imuFloatRaw_ref
  dbp: new Dir instance imuFloatRaw
  dbp: new Dir type = imuOut_ref
  dbp: new Dir instance imuOut
  dbp: new Dir type = senImu_ref
  dbp: new Dir instance senImu
  dbp: loading dbh file gps.dbh
  dbp: found dbh file at gps.dbh
  dbp: new Dir type = gps_header_ref
  dbp: new Dir type = gps_novatelxHeader_ref
  dbp: new Dir type = gps_novatelxMsg_ref
  dbp: new Dir type = gps_cmdResponse_ref
  dbp: new Dir type = gps_log_ref
  dbp: new Dir type = gps_unlogall_ref
  dbp: new Dir type = gps_unlockSystem_ref
  dbp: new Dir type = gps_clkadjst_ref
  dbp: new Dir type = gps_rtkdyn_ref
  dbp: new Dir type = gps_rtkPortMode_ref
  dbp: new Dir type = gps_interfaceMode_ref
  dbp: new Dir type = gps_fix_ref
  dbp: new Dir type = gps_movingbasestation_ref
  dbp: new Dir type = gps_bestposb_ref
  dbp: new Dir type = gps_bestvelb_ref
  dbp: new Dir type = gps_headingb_ref
  dbp: new Dir type = gps_heading2b_ref
  dbp: new Dir type = gps_psrXYZ_ref
  dbp: new Dir type = gps_bslnxyzb_ref
  dbp: new Dir type = gps_alignbslnenub_ref
  dbp: new Dir type = gps_gpsephem_ref
  dbp: new Dir type = gps_ionutc_ref
  dbp: new Dir type = gps_satMeasurement_ref
  dbp: new Dir type = gps_range_ref
  dbp: new Dir type = gps_time_ref
  dbp: new Dir type = gps_psrTime_ref
  dbp: new Dir type = gps_satVisEntry_ref
  dbp: new Dir type = gps_satVis_ref
  dbp: new Dir type = gps_satPosition_ref
  dbp: new Dir type = gps_satxyz_ref
  dbp: new Dir type = gps_trackEntry_ref
  dbp: new Dir type = gps_trackstat_ref
  dbp: new Dir type = gpsRtcm_ref
  dbp: new Dir type = gps_rtcaMsg_ref
  dbp: new Dir type = gpsUblox_posllh_ref
  dbp: new Dir type = gpsUblox_navpvt_ref
  dbp: new Dir type = gpsUblox_velned_ref
  dbp: new Dir type = gpsUblox_status_ref
  dbp: new Dir type = gpsUblox_navsol_ref
  dbp: new Dir type = gpsUblox_rxm_rtcm_ref
  dbp: new Dir type = gpsErbVer_ref
  dbp: new Dir type = gpsErbPos_ref
  dbp: new Dir type = gpsErbStat_ref
  dbp: new Dir type = gpsErbDops_ref
  dbp: new Dir type = gpsErbVel_ref
  dbp: new Dir type = gpsErbSviPayload_ref
  dbp: new Dir type = gpsErbSviChannel_ref
  dbp: new Dir type = gpsNmea_gga_ref
  dbp: new Dir type = gpsNmea_vtg_ref
  dbp: new Dir type = gpsNmea_rmc_ref
  dbp: new Dir type = gpsNmea_gpq_ref
  dbp: new Dir type = gpsNmea_gsa_ref
  dbp: new Dir type = gpsNmea_svData_ref
  dbp: new Dir type = gpsNmea_gsvpayload_ref
  dbp: new Dir type = gpsNmea_pmtkack_ref
  dbp: new Dir type = gpsNmea_ubxSvStatusPayload_ref
  dbp: new Dir type = gpsNmea_ubxPosVel_ref
  dbp: new Dir type = gpsNmea_ubxRate_ref
  dbp: new Dir type = gpsNmea_ubxConfig_ref
  dbp: new Dir instance of existing gps_cmdResponse_ref
  dbp: new Dir instance gps_response1
  dbp: new Dir instance gps_response2
  dbp: new Dir instance of existing gps_log_ref
  dbp: new Dir instance gps_log1
  dbp: new Dir instance gps_log2
  dbp: new Dir instance of existing gps_unlogall_ref
  dbp: new Dir instance gps_unlogall1
  dbp: new Dir instance gps_unlogall2
  dbp: new Dir instance of existing gps_unlockSystem_ref
  dbp: new Dir instance gps_unlockSys1
  dbp: new Dir instance gps_unlockSys2
  dbp: new Dir instance of existing gps_clkadjst_ref
  dbp: new Dir instance gps_clkadjst1
  dbp: new Dir instance gps_clkadjst2
  dbp: new Dir instance of existing gps_rtkdyn_ref
  dbp: new Dir instance gps_rtkdyn1
  dbp: new Dir instance gps_rtkdyn2
  dbp: new Dir instance of existing gps_rtkPortMode_ref
  dbp: new Dir instance gps_rtkPortMode1
  dbp: new Dir instance gps_rtkPortMode2
  dbp: new Dir instance of existing gps_interfaceMode_ref
  dbp: new Dir instance gps_interfaceMd1
  dbp: new Dir instance gps_interfaceMd2
  dbp: new Dir instance of existing gps_header_ref
  dbp: new Dir instance gps_header1
  dbp: new Dir instance gps_header2
  dbp: new Dir instance of existing gps_bestposb_ref
  dbp: new Dir instance gps_bestposb1
  dbp: new Dir instance gps_masterposb1
  dbp: new Dir instance gps_roverposb1
  dbp: new Dir instance gps_psrposb1
  dbp: new Dir instance gps_bestposb2
  dbp: new Dir instance gps_masterposb2
  dbp: new Dir instance gps_roverposb2
  dbp: new Dir instance gps_psrposb2
  dbp: new Dir instance of existing gps_bestvelb_ref
  dbp: new Dir instance gps_bestvelb1
  dbp: new Dir instance gps_psrvelb1
  dbp: new Dir instance gps_bestvelb2
  dbp: new Dir instance gps_psrvelb2
  dbp: new Dir instance of existing gps_headingb_ref
  dbp: new Dir instance gps_headingb1
  dbp: new Dir instance gps_headingb2
  dbp: new Dir instance of existing gps_heading2b_ref
  dbp: new Dir instance gps_heading2b1
  dbp: new Dir instance gps_heading2b2
  dbp: new Dir instance of existing gps_bslnxyzb_ref
  dbp: new Dir instance gps_bslnxyzb1
  dbp: new Dir instance gps_bslnxyzb2
  dbp: new Dir instance of existing gps_alignbslnenub_ref
  dbp: new Dir instance gps_alignbslnenub1
  dbp: new Dir instance gps_alignbslnenub2
  dbp: new Dir instance of existing gps_rtcaMsg_ref
  dbp: new Dir instance gps_rtcaMsg1
  dbp: new Dir instance gps_rtcaMsg2
  dbp: new Dir instance of existing gps_ionutc_ref
  dbp: new Dir instance gps_ionutc1
  dbp: new Dir instance gps_ionutc2
  dbp: new Dir instance of existing gps_satVis_ref
  dbp: new Dir instance gps_satvis1
  dbp: new Dir instance gps_satvis2
  dbp: new Dir instance of existing gps_range_ref
  dbp: new Dir instance gps_range1
  dbp: new Dir instance gps_range2
  dbp: new Dir instance of existing gps_time_ref
  dbp: new Dir instance gps_time1
  dbp: new Dir instance gps_time2
  dbp: new Dir instance of existing gps_satxyz_ref
  dbp: new Dir instance gps_satxyz1
  dbp: new Dir instance gps_satxyz2
  dbp: new Dir instance of existing gps_psrXYZ_ref
  dbp: new Dir instance gps_psrxyz1
  dbp: new Dir instance gps_psrxyz2
  dbp: new Dir instance of existing gps_psrTime_ref
  dbp: new Dir instance gps_psrtime1
  dbp: new Dir instance gps_psrtime2
  dbp: new Dir instance of existing gps_trackstat_ref
  dbp: new Dir instance gps_trackstat1
  dbp: new Dir instance gps_trackstat2
  dbp: new Dir type = gpsSet_ref
  dbp: new Dir instance gpsSet
  dbp: new Dir type = gpsNovatelSet_ref
  dbp: new Dir instance gpsNovatelSet1
  dbp: new Dir type = gpsOut_ref
  dbp: new Dir instance gpsOut
  dbp: new Dir instance gpsNovatelOut1
  dbp: new Dir type = gps_ephem_ref
  dbp: new Dir type = gpsSat_ref
  dbp: new Dir instance gps_sat1[36]
  dbp: new Dir type = gpsSatOut_ref
  dbp: new Dir instance gpsSatOut1
  dbp: new Dir type = senNovatelGps_ref
  dbp: new Dir instance senNovatelGps1
  dbp: new Dir type = senGps_ref
  dbp: new Dir instance senGps
  dbp: new Dir type = magnetRaw_ref
  dbp: new Dir instance magnetRaw
  dbp: new Dir type = magnetFloatRaw_ref
  dbp: new Dir instance magnetFloatRaw
  dbp: new Dir type = magnetSet_ref
  dbp: new Dir instance magnetSet
  dbp: new Dir type = magnetOut_ref
  dbp: new Dir instance magnetOut
  dbp: new Dir type = senMagnet_ref
  dbp: new Dir instance senMagnet
  dbp: new Dir type = senLatitudeDataFlagBits_ref
  dbp: new Dir instance senLatitudeDataFlagBits
  dbp: new Dir type = senLatitudeData_ref
  dbp: new Dir instance senLatitudeData
  dbp: new Dir type = senLatitudeModeFlagBits_ref
  dbp: new Dir instance senLatitudeModeFlagBits
  dbp: new Dir type = senLatitudeMode_ref
  dbp: new Dir instance senLatitudeMode
  dbp: new Dir type = aglOut_ref
  dbp: new Dir instance aglOut
  dbp: new Dir instance aglTemp0
  dbp: new Dir instance aglTemp1
  dbp: new Dir instance aglTemp2
  dbp: new Dir type = senSonarData_ref
  dbp: new Dir instance senSonarData0
  dbp: new Dir type = sonarMode_ref
  dbp: new Dir instance sonarMode0
  dbp: new Dir type = sonarOut_ref
  dbp: new Dir instance sonarOut0
  dbp: new Dir type = senSonar_ref
  dbp: new Dir instance senSonar0
  dbp: new Dir type = senPWM_ref
  dbp: new Dir instance senPWM
  dbp: new Dir type = senPozyxSetting_ref
  dbp: new Dir instance senPozyxSetting
  dbp: new Dir type = senPozyxMessage_ref
  dbp: new Dir instance senPozyxMessage
  dbp: new Dir type = senPozyx_ref
  dbp: new Dir instance senPozyx
  dbp: new Dir type = aglSet_ref
  dbp: new Dir instance aglSet
  dbp: new Dir type = aglWork_ref
  dbp: new Dir instance aglWork
  dbp: new Dir type = senAGL_ref
  dbp: new Dir instance senAGL
  dbp: new Dir type = sensors_ref
  dbp: new Dir instance sensors
  Generating C:/Users/jfeze/source/repos/pace-main/pace-main/rmax/controller_ref.h, C:/Users/jfeze/source/repos/pace-main/pace-main/rmax/controller_def.c, C:/Users/jfeze/source/repos/pace-main/pace-main/rmax/controller_db.c
  dbp paths = C:/Users/jfeze/source/repos/pace-main/pace-main
  dbp paths = C:/Users/jfeze/source/repos/pace-main/pace-main/central/x86-win32-vs2010/include
  dbp: new Dir type = controlWork_ref
  dbp: new Dir instance controlWork
  dbp: new Dir type = onboardControl_ref
  dbp: new Dir instance onboardControl
  Generating C:/Users/jfeze/source/repos/pace-main/pace-main/rmax/realScene_ref.h, C:/Users/jfeze/source/repos/pace-main/pace-main/rmax/realScene_def.c, C:/Users/jfeze/source/repos/pace-main/pace-main/rmax/realScene_db.c
  dbp paths = C:/Users/jfeze/source/repos/pace-main/pace-main
  dbp paths = C:/Users/jfeze/source/repos/pace-main/pace-main/central/x86-win32-vs2010/include
  dbp: new Dir type = building_ref
  dbp: new Dir instance building[20]
  dbp: new Dir type = pole_ref
  dbp: new Dir instance pole[20]
  dbp: new Dir type = tree_ref
  dbp: new Dir instance tree[30]
  dbp: new Dir type = realScene_ref
  dbp: new Dir instance realScene
  dbp: new Dir type = rsSettings_ref
  dbp: new Dir instance rsSettings
  dbp: new Dir type = rsWork_ref
  dbp: new Dir instance rsWork
  Generating C:/Users/jfeze/source/repos/pace-main/pace-main/rmax/navigation_ref.h, C:/Users/jfeze/source/repos/pace-main/pace-main/rmax/navigation_def.c, C:/Users/jfeze/source/repos/pace-main/pace-main/rmax/navigation_db.c
  dbp paths = C:/Users/jfeze/source/repos/pace-main/pace-main
  dbp paths = C:/Users/jfeze/source/repos/pace-main/pace-main/central/x86-win32-vs2010/include
  dbp: new Dir type = navinit_ref
  dbp: new Dir instance navinit
  dbp: new Dir type = navconfigure_ref
  dbp: new Dir instance navconfigure
  dbp: loading dbh file wmm.dbh
  dbp: found dbh file at wmm.dbh
  dbp: new Dir type = navset_ref
  dbp: new Dir instance navset
  dbp: new Dir type = navout_ref
  dbp: new Dir instance navout
  dbp: new Dir type = navTh_ref
  dbp: new Dir instance navTh
  dbp: new Dir type = navWork_ref
  dbp: new Dir instance navWork
  dbp: new Dir type = navigation_ref
  dbp: new Dir instance navigation
  Generating C:/Users/jfeze/source/repos/pace-main/pace-main/rmax/dted_ref.h, C:/Users/jfeze/source/repos/pace-main/pace-main/rmax/dted_def.c, C:/Users/jfeze/source/repos/pace-main/pace-main/rmax/dted_db.c
  dbp paths = C:/Users/jfeze/source/repos/pace-main/pace-main
  dbp paths = C:/Users/jfeze/source/repos/pace-main/pace-main/central/x86-win32-vs2010/include
  dbp: new Dir type = dted_ref
  dbp: new Dir instance dted
  dbp: new Dir instance sceneDTED
  Generating C:/Users/jfeze/source/repos/pace-main/pace-main/rmax/si_ref.h, C:/Users/jfeze/source/repos/pace-main/pace-main/rmax/si_def.c, C:/Users/jfeze/source/repos/pace-main/pace-main/rmax/si_db.c
  dbp paths = C:/Users/jfeze/source/repos/pace-main/pace-main
  dbp paths = C:/Users/jfeze/source/repos/pace-main/pace-main/central/x86-win32-vs2010/include
  dbp: loading dbh file serial.dbh
  dbp: found dbh file at serial.dbh
  dbp: new Dir type = serialMsgHeader_ref
  dbp: new Dir type = serialPort_ref
  dbp: loading dbh file datalink.dbh
  dbp: found dbh file at datalink.dbh
  dbp: new Dir type = datalinkHeader_ref
  dbp: new Dir type = datalinkMessage0_ref
  dbp: new Dir type = datalinkMessage1_ref
  dbp: new Dir type = datalinkMessageGetdir_ref
  dbp: new Dir type = datalinkMessageSenddir_ref
  dbp: new Dir type = datalinkMessageTrajectory_ref
  dbp: new Dir type = datalinkMessageUp0_ref
  dbp: new Dir type = datalinkMessagePWM_ref
  dbp: new Dir type = datalinkMessageRmtCmd_ref
  dbp: new Dir type = datalinkMessageRmtCnsl_ref
  dbp: new Dir type = datalinkMessageTrajPreview_ref
  dbp: new Dir type = datalinkMessageAutopilotDels_ref
  dbp: new Dir type = datalinkMessageTruth_ref
  dbp: new Dir type = sitlPorts_ref
  dbp: new Dir instance sitlPorts
  dbp: new Dir instance of existing serialPort_ref
  dbp: new Dir instance siPortIMU
  dbp: new Dir instance of existing serialPort_ref
  dbp: new Dir instance siPortGPS
  dbp: new Dir instance of existing serialPort_ref
  dbp: new Dir instance siPortMagnet
  dbp: new Dir instance of existing serialPort_ref
  dbp: new Dir instance siPortSonar
  dbp: new Dir instance of existing serialPort_ref
  dbp: new Dir instance siPortPWM
  dbp: new Dir instance of existing serialPort_ref
  dbp: new Dir instance siPortVehicleMotionModel
  dbp: new Dir type = imuMessage_ref
  dbp: new Dir instance imuMessage
  dbp: new Dir type = imuModel_ref
  dbp: new Dir instance imuModel
  dbp: new Dir instance of existing serialPort_ref
  dbp: new Dir instance siPortShipImu
  dbp: new Dir instance of existing imuModel_ref
  dbp: new Dir instance waterTargetImuModel
  dbp: new Dir type = gpsModel_ref
  dbp: new Dir instance gpsModel
  dbp: new Dir type = gpsSatInitialConditions_ref
  dbp: new Dir instance gpsSatInitialConditions
  dbp: new Dir type = gpsSatModelSet_ref
  dbp: new Dir instance gpsSatModelSet
  dbp: new Dir type = gpsSatModelWork_ref
  dbp: new Dir instance gpsSatModelWork
  dbp: new Dir type = gpsSatModel_ref
  dbp: new Dir instance gpsSatModel
  dbp: loading dbh file gps.dbh
  dbp: found dbh file at gps.dbh
  dbp: new Dir type = gps_header_ref
  dbp: new Dir type = gps_novatelxHeader_ref
  dbp: new Dir type = gps_novatelxMsg_ref
  dbp: new Dir type = gps_cmdResponse_ref
  dbp: new Dir type = gps_log_ref
  dbp: new Dir type = gps_unlogall_ref
  dbp: new Dir type = gps_unlockSystem_ref
  dbp: new Dir type = gps_clkadjst_ref
  dbp: new Dir type = gps_rtkdyn_ref
  dbp: new Dir type = gps_rtkPortMode_ref
  dbp: new Dir type = gps_interfaceMode_ref
  dbp: new Dir type = gps_fix_ref
  dbp: new Dir type = gps_movingbasestation_ref
  dbp: new Dir type = gps_bestposb_ref
  dbp: new Dir type = gps_bestvelb_ref
  dbp: new Dir type = gps_headingb_ref
  dbp: new Dir type = gps_heading2b_ref
  dbp: new Dir type = gps_psrXYZ_ref
  dbp: new Dir type = gps_bslnxyzb_ref
  dbp: new Dir type = gps_alignbslnenub_ref
  dbp: new Dir type = gps_gpsephem_ref
  dbp: new Dir type = gps_ionutc_ref
  dbp: new Dir type = gps_satMeasurement_ref
  dbp: new Dir type = gps_range_ref
  dbp: new Dir type = gps_time_ref
  dbp: new Dir type = gps_psrTime_ref
  dbp: new Dir type = gps_satVisEntry_ref
  dbp: new Dir type = gps_satVis_ref
  dbp: new Dir type = gps_satPosition_ref
  dbp: new Dir type = gps_satxyz_ref
  dbp: new Dir type = gps_trackEntry_ref
  dbp: new Dir type = gps_trackstat_ref
  dbp: new Dir type = gpsRtcm_ref
  dbp: new Dir type = gps_rtcaMsg_ref
  dbp: new Dir type = gpsUblox_posllh_ref
  dbp: new Dir type = gpsUblox_navpvt_ref
  dbp: new Dir type = gpsUblox_velned_ref
  dbp: new Dir type = gpsUblox_status_ref
  dbp: new Dir type = gpsUblox_navsol_ref
  dbp: new Dir type = gpsUblox_rxm_rtcm_ref
  dbp: new Dir type = gpsErbVer_ref
  dbp: new Dir type = gpsErbPos_ref
  dbp: new Dir type = gpsErbStat_ref
  dbp: new Dir type = gpsErbDops_ref
  dbp: new Dir type = gpsErbVel_ref
  dbp: new Dir type = gpsErbSviPayload_ref
  dbp: new Dir type = gpsErbSviChannel_ref
  dbp: new Dir type = gpsNmea_gga_ref
  dbp: new Dir type = gpsNmea_vtg_ref
  dbp: new Dir type = gpsNmea_rmc_ref
  dbp: new Dir type = gpsNmea_gpq_ref
  dbp: new Dir type = gpsNmea_gsa_ref
  dbp: new Dir type = gpsNmea_svData_ref
  dbp: new Dir type = gpsNmea_gsvpayload_ref
  dbp: new Dir type = gpsNmea_pmtkack_ref
  dbp: new Dir type = gpsNmea_ubxSvStatusPayload_ref
  dbp: new Dir type = gpsNmea_ubxPosVel_ref
  dbp: new Dir type = gpsNmea_ubxRate_ref
  dbp: new Dir type = gpsNmea_ubxConfig_ref
  dbp: new Dir instance of existing gps_header_ref
  dbp: new Dir instance sigps_header
  dbp: new Dir instance siGpsWaterTarget_header
  dbp: new Dir instance of existing gps_bestposb_ref
  dbp: new Dir instance sigps_bestposb
  dbp: new Dir instance of existing gps_bestposb_ref
  dbp: new Dir instance siGpsWaterTarget_bestposb
  dbp: new Dir instance of existing gps_bestvelb_ref
  dbp: new Dir instance sigps_bestvelb
  dbp: new Dir instance siGpsWaterTarget_bestvelb
  dbp: new Dir instance of existing gps_headingb_ref
  dbp: new Dir instance sigps_headingb
  dbp: new Dir instance siGpsWaterTarget_headingb
  dbp: new Dir instance of existing gps_heading2b_ref
  dbp: new Dir instance sigps_heading2b
  dbp: new Dir instance siGpsWaterTarget_heading2b
  dbp: new Dir instance of existing gps_gpsephem_ref
  dbp: new Dir instance sigps_gpsephem
  dbp: new Dir instance of existing gps_range_ref
  dbp: new Dir instance sigps_range
  dbp: new Dir instance siGpsWaterTarget_range
  dbp: new Dir instance of existing gps_satxyz_ref
  dbp: new Dir instance sigps_satxyz
  dbp: new Dir instance of existing gpsUblox_posllh_ref
  dbp: new Dir instance sigpsUblox_posllh
  dbp: new Dir instance of existing gpsUblox_velned_ref
  dbp: new Dir instance sigpsUblox_velned
  dbp: new Dir instance of existing gpsUblox_status_ref
  dbp: new Dir instance sigpsUblox_status
  dbp: new Dir instance of existing gpsUblox_navsol_ref
  dbp: new Dir instance sigpsUblox_navsol
  dbp: new Dir type = magnetMessage_ref
  dbp: new Dir instance magnetMessage
  dbp: loading dbh file wmm.dbh
  dbp: found dbh file at wmm.dbh
  dbp: new Dir type = magnetModel_ref
  dbp: new Dir instance magnetModel
  dbp: new Dir instance waterTargetMagnetModel
  dbp: new Dir type = sonarMessage_ref
  dbp: new Dir instance sonarMessage
  dbp: new Dir type = sonarModel_ref
  dbp: new Dir instance sonarModel
  dbp: loading dbh file datalink.dbh
  dbp: found dbh file at datalink.dbh
  dbp: new Dir instance of existing datalinkHeader_ref
  dbp: new Dir instance of existing datalinkMessage0_ref
  dbp: new Dir instance of existing datalinkMessage1_ref
  dbp: new Dir instance of existing datalinkMessageGetdir_ref
  dbp: new Dir instance of existing datalinkMessageSenddir_ref
  dbp: new Dir instance of existing datalinkMessageTrajectory_ref
  dbp: new Dir instance of existing datalinkMessageUp0_ref
  dbp: new Dir instance of existing datalinkMessagePWM_ref
  dbp: new Dir instance of existing datalinkMessageRmtCmd_ref
  dbp: new Dir instance of existing datalinkMessageRmtCnsl_ref
  dbp: new Dir instance of existing datalinkMessageTrajPreview_ref
  dbp: new Dir instance of existing datalinkMessageAutopilotDels_ref
  dbp: new Dir instance of existing datalinkMessageTruth_ref
  dbp: new Dir instance of existing datalinkMessageTruth_ref
  dbp: new Dir instance siDatalinkMessageTruth
  dbp: loading dbh file rmax.dbh
  dbp: found dbh file at rmax.dbh
  dbp: new Dir type = rmaxCommandMessage_ref
  dbp: new Dir type = rmaxServoMapping_ref
  dbp: new Dir type = rmaxYCSraw_ref
  dbp: new Dir type = pwmServoMapping_ref
  dbp: new Dir type = pwmServoMixing_ref
  dbp: new Dir type = pwmMTRServoMixing_ref
  dbp: new Dir type = pwmMultirotor_ref
  dbp: new Dir type = pwmAlia_ref
  dbp: new Dir instance of existing rmaxCommandMessage_ref
  dbp: new Dir instance siRmaxCommandMessage
  dbp: new Dir instance of existing rmaxServoMapping_ref
  dbp: new Dir instance siRmaxServoMapping
  dbp: new Dir instance of existing rmaxYCSraw_ref
  dbp: new Dir instance siYCSraw
  dbp: new Dir instance of existing rmaxCommandMessage_ref
  dbp: new Dir instance siYRDraw
  dbp: new Dir instance of existing pwmServoMapping_ref
  dbp: new Dir instance siPWMServoMapping
  dbp: new Dir instance of existing pwmServoMapping_ref
  dbp: new Dir instance siPWMInServoMapping
  dbp: new Dir instance of existing pwmServoMixing_ref
  dbp: new Dir instance siPWMServoMixing
  dbp: new Dir instance of existing pwmMTRServoMixing_ref
  dbp: new Dir instance siPWMMTRServoMixing
  dbp: loading dbh file datalink.dbh
  dbp: found dbh file at datalink.dbh
  dbp: new Dir instance of existing datalinkHeader_ref
  dbp: new Dir instance of existing datalinkMessage0_ref
  dbp: new Dir instance of existing datalinkMessage1_ref
  dbp: new Dir instance of existing datalinkMessageGetdir_ref
  dbp: new Dir instance of existing datalinkMessageSenddir_ref
  dbp: new Dir instance of existing datalinkMessageTrajectory_ref
  dbp: new Dir instance of existing datalinkMessageUp0_ref
  dbp: new Dir instance of existing datalinkMessagePWM_ref
  dbp: new Dir instance of existing datalinkMessageRmtCmd_ref
  dbp: new Dir instance of existing datalinkMessageRmtCnsl_ref
  dbp: new Dir instance of existing datalinkMessageTrajPreview_ref
  dbp: new Dir instance of existing datalinkMessageAutopilotDels_ref
  dbp: new Dir instance of existing datalinkMessageTruth_ref
  dbp: new Dir instance of existing datalinkMessagePWM_ref
  dbp: new Dir instance siDatalinkMessagePWMFromSI
  dbp: new Dir instance siDatalinkMessagePWMToSI
  dbp: new Dir type = actSVI_ref
  dbp: new Dir instance actSVI
  dbp: new Dir type = actuatorModel_ref
  dbp: new Dir instance actuatorModel
  dbp: new Dir type = ptzModel_ref
  dbp: new Dir instance ptzModel
  dbp: new Dir instance ptzModel2
  dbp: new Dir instance ptzModel3
  dbp: new Dir instance ptzModel4
  dbp: new Dir type = playback_ref
  dbp: new Dir instance playback
  dbp: new Dir type = videoModel_ref
  dbp: new Dir instance videoModel
  dbp: new Dir type = vehicleOutputsMessage_ref
  dbp: new Dir instance vehicleOutputsMessageOut
  dbp: new Dir instance vehicleOutputsMessageIn
  dbp: new Dir type = vehicleMotionModel_ref
  dbp: new Dir instance vehicleMotionModel
  dbp: new Dir type = si_ref
  dbp: new Dir instance si
  Generating C:/Users/jfeze/source/repos/pace-main/pace-main/rmax/logger_ref.h, C:/Users/jfeze/source/repos/pace-main/pace-main/rmax/logger_def.c, C:/Users/jfeze/source/repos/pace-main/pace-main/rmax/logger_db.c
  dbp paths = C:/Users/jfeze/source/repos/pace-main/pace-main
  dbp paths = C:/Users/jfeze/source/repos/pace-main/pace-main/central/x86-win32-vs2010/include
  dbp: new Dir type = logger_ref
  dbp: new Dir instance logger
  Generating C:/Users/jfeze/source/repos/pace-main/pace-main/rmax/wdb_ref.h, C:/Users/jfeze/source/repos/pace-main/pace-main/rmax/wdb_def.c, C:/Users/jfeze/source/repos/pace-main/pace-main/rmax/wdb_db.c
  dbp paths = C:/Users/jfeze/source/repos/pace-main/pace-main
  dbp paths = C:/Users/jfeze/source/repos/pace-main/pace-main/central/x86-win32-vs2010/include
  dbp: loading dbh file wdb.dbh
  dbp: found dbh file at wdb.dbh
  dbp: new Dir type = wdbobj_ref
  dbp: new Dir type = wdb_ref
  dbp: new Dir instance of existing wdbobj_ref
  dbp: new Dir instance gcswdbobjs[100]
  dbp: new Dir instance of existing wdb_ref
  dbp: new Dir instance gcswdb
  dbp: new Dir instance of existing wdbobj_ref
  dbp: new Dir instance obwdbobjs[100]
  dbp: new Dir instance of existing wdb_ref
  dbp: new Dir instance obwdb
  dbp: new Dir instance of existing wdbobj_ref
  dbp: new Dir instance ob2wdbobjs[100]
  dbp: new Dir instance of existing wdb_ref
  dbp: new Dir instance ob2wdb
  Generating C:/Users/jfeze/source/repos/pace-main/pace-main/rmax/gear_ref.h, C:/Users/jfeze/source/repos/pace-main/pace-main/rmax/gear_def.c, C:/Users/jfeze/source/repos/pace-main/pace-main/rmax/gear_db.c
  dbp paths = C:/Users/jfeze/source/repos/pace-main/pace-main
  dbp paths = C:/Users/jfeze/source/repos/pace-main/pace-main/central/x86-win32-vs2010/include
  dbp: new Dir type = contactTrial_ref
  dbp: new Dir instance contactTrial[31]
  dbp: new Dir type = deckContactStatOld_ref
  dbp: new Dir instance deckContactStatOld
  dbp: new Dir type = deckContactStat_ref
  dbp: new Dir instance deckContactStat
  dbp: new Dir type = params_gear_ref
  dbp: new Dir instance params_gear
  Generating C:/Users/jfeze/source/repos/pace-main/pace-main/rmax/motion_ref.h, C:/Users/jfeze/source/repos/pace-main/pace-main/rmax/motion_def.c, C:/Users/jfeze/source/repos/pace-main/pace-main/rmax/motion_db.c
  dbp paths = C:/Users/jfeze/source/repos/pace-main/pace-main
  dbp paths = C:/Users/jfeze/source/repos/pace-main/pace-main/central/x86-win32-vs2010/include
  dbp: new Dir type = vehicleSet_ref
  dbp: new Dir instance vehicleSet
  dbp: new Dir type = motionTurbulence_ref
  dbp: new Dir instance motionTurbulence
  dbp: new Dir type = motionWake_ref
  dbp: new Dir instance motionWake
  dbp: new Dir type = motionControls_ref
  dbp: new Dir instance motionControls
  dbp: new Dir type = state_ref
  dbp: new Dir instance state
  dbp: new Dir instance state1
  dbp: new Dir instance stateDot
  dbp: new Dir type = mass_ref
  dbp: new Dir instance mass
  dbp: new Dir type = motionXforms_ref
  dbp: new Dir instance motionXforms
  dbp: new Dir type = env_ref
  dbp: new Dir instance env
  dbp: new Dir type = motionImpulse_ref
  dbp: new Dir instance motionImpulse
  dbp: new Dir type = motionLinearizePerturbations_ref
  dbp: new Dir instance motionLinearizePerturbations
  dbp: new Dir type = motionLinearize_ref
  dbp: new Dir instance motionLinearize
  dbp: new Dir type = vehicleMotion_ref
  dbp: new Dir instance vehicleMotion
  dbp: new Dir type = vehicleOutputs_ref
  dbp: new Dir instance vehicleOutputs
  dbp: new Dir instance gcs0Outputs
  dbp: new Dir type = aeroMultirotor_ref
  dbp: new Dir instance aeroMultirotor
  dbp: new Dir type = rotorMultirotor_ref
  dbp: new Dir instance rotorMultirotor
  dbp: new Dir type = multirotor_ref
  dbp: new Dir instance multirotor
  dbp: new Dir type = vehicle_ref
  dbp: new Dir instance vehicle
  dbp: new Dir type = controller403_ref
  dbp: new Dir instance controller403
  Building Custom Rule C:/Users/jfeze/source/repos/pace-main/pace-main/rmax/CMakeLists.txt
  main.cpp
  commands.cpp
  onboard.cpp
  datalink.cpp
  sensors.cpp
  novatel.cpp
  aglSensor.cpp
  controller.cpp
  navigation.cpp
  dted.cpp
  collisiondetect.cpp
  serial.cpp
  logger.cpp
  wdb.cpp
  matrix.cpp
  ether.cpp
  Generating Code...
  joyinputs.c
  gcs.c
  panel.c
  scene.c
  scene_multirotor.c
  texture.c
  si.c
  checksum.c
  vector.c
  gear.c
  motion.c
  xforms.c
  motion_multirotor.c
  aeroMultirotor.c
  rotorsMultirotor.c
  root_def.c
  joyinputs_def.c
  gcs_def.c
  scene_def.c
  generic_def.c
  Generating Code...
  Compiling...
  onboard_def.c
  sensors_def.c
  controller_def.c
  realScene_def.c
  navigation_def.c
  dted_def.c
  si_def.c
  logger_def.c
  wdb_def.c
  gear_def.c
  motion_def.c
  root_db.c
  joyinputs_db.c
  gcs_db.c
  scene_db.c
  generic_db.c
  onboard_db.c
  sensors_db.c
  controller_db.c
  realScene_db.c
  Generating Code...
  Compiling...
  navigation_db.c
  dted_db.c
  si_db.c
  logger_db.c
  wdb_db.c
  gear_db.c
  motion_db.c
  Generating Code...
  rmax.vcxproj -> C:\Users\jfeze\source\repos\pace-main\pace-main\rmax\Debug\rmax.exe
